# JRE version: OpenJDK Runtime Environment Zulu24.30+11-CA (24.0.1+9) (build 24.0.1+9)
# Java VM: OpenJDK 64-Bit Server VM Zulu24.30+11-CA (24.0.1+9, mixed mode, emulated-client, sharing, tiered, compressed oops, compressed class ptrs, g1 gc, windows-amd64)
GC Precious Log:
 CardTable entry size: 512
 Card Set container configuration: InlinePtr #cards 5 size 8 Array Of Cards #cards 10 size 36 Howl #buckets 4 coarsen threshold 1843 Howl Bitmap #cards 512 size 80 coarsen threshold 460 Card regions per heap region 1 cards per card region 2048
 CPUs: 4 total, 4 available
 Memory: 4007M
 Large Page Support: Disabled
 NUMA Support: Disabled
 Compressed Oops: Enabled (32-bit)
 Heap Region Size: 1M
 Heap Min Capacity: 8M
 Heap Initial Capacity: 64M
 Heap Max Capacity: 1002M
 Pre-touch: Disabled
 Parallel Workers: 4
 Concurrent Workers: 1
 Concurrent Refinement Workers: 4
 Periodic GC: Disabled
Heap:
 garbage-first heap   total reserved 1026048K, committed 73728K, used 40776K [0x00000000c1600000, 0x0000000100000000)
  region size 1024K, 3 young (3072K), 3 survivors (3072K)
 Metaspace       used 74960K, committed 75584K, reserved 1179648K
  class space    used 9192K, committed 9472K, reserved 1048576K
GC Heap History (20 events):
Event: 4.429 GC heap after
{Heap after GC invocations=8 (full 0):
 garbage-first heap   total reserved 1026048K, committed 61440K, used 24420K [0x00000000c1600000, 0x0000000100000000)
  region size 1024K, 2 young (2048K), 2 survivors (2048K)
 Metaspace       used 31693K, committed 32064K, reserved 1114112K
  class space    used 3632K, committed 3776K, reserved 1048576K
}
Event: 5.614 GC heap before
{Heap before GC invocations=8 (full 0):
 garbage-first heap   total reserved 1026048K, committed 61440K, used 43876K [0x00000000c1600000, 0x0000000100000000)
  region size 1024K, 22 young (22528K), 2 survivors (2048K)
 Metaspace       used 35889K, committed 36288K, reserved 1114112K
  class space    used 4134K, committed 4288K, reserved 1048576K
}
Event: 5.618 GC heap after
{Heap after GC invocations=9 (full 0):
 garbage-first heap   total reserved 1026048K, committed 73728K, used 25597K [0x00000000c1600000, 0x0000000100000000)
  region size 1024K, 3 young (3072K), 3 survivors (3072K)
 Metaspace       used 35889K, committed 36288K, reserved 1114112K
  class space    used 4134K, committed 4288K, reserved 1048576K
}
Event: 6.697 GC heap before
{Heap before GC invocations=10 (full 0):
 garbage-first heap   total reserved 1026048K, committed 73728K, used 58365K [0x00000000c1600000, 0x0000000100000000)
  region size 1024K, 36 young (36864K), 3 survivors (3072K)
 Metaspace       used 45233K, committed 45696K, reserved 1114112K
  class space    used 5184K, committed 5376K, reserved 1048576K
}
Event: 6.706 GC heap after
{Heap after GC invocations=11 (full 0):
 garbage-first heap   total reserved 1026048K, committed 73728K, used 29036K [0x00000000c1600000, 0x0000000100000000)
  region size 1024K, 5 young (5120K), 5 survivors (5120K)
 Metaspace       used 45233K, committed 45696K, reserved 1114112K
  class space    used 5184K, committed 5376K, reserved 1048576K
}
Event: 7.540 GC heap before
{Heap before GC invocations=11 (full 0):
 garbage-first heap   total reserved 1026048K, committed 73728K, used 59756K [0x00000000c1600000, 0x0000000100000000)
  region size 1024K, 35 young (35840K), 5 survivors (5120K)
 Metaspace       used 54395K, committed 54912K, reserved 1114112K
  class space    used 6127K, committed 6336K, reserved 1048576K
}
Event: 7.548 GC heap after
{Heap after GC invocations=12 (full 0):
 garbage-first heap   total reserved 1026048K, committed 73728K, used 30952K [0x00000000c1600000, 0x0000000100000000)
  region size 1024K, 2 young (2048K), 2 survivors (2048K)
 Metaspace       used 54395K, committed 54912K, reserved 1114112K
  class space    used 6127K, committed 6336K, reserved 1048576K
}
Event: 8.361 GC heap before
{Heap before GC invocations=12 (full 0):
 garbage-first heap   total reserved 1026048K, committed 73728K, used 59624K [0x00000000c1600000, 0x0000000100000000)
  region size 1024K, 31 young (31744K), 2 survivors (2048K)
 Metaspace       used 60606K, committed 61120K, reserved 1114112K
  class space    used 6940K, committed 7168K, reserved 1048576K
}
Event: 8.366 GC heap after
{Heap after GC invocations=13 (full 0):
 garbage-first heap   total reserved 1026048K, committed 73728K, used 31862K [0x00000000c1600000, 0x0000000100000000)
  region size 1024K, 3 young (3072K), 3 survivors (3072K)
 Metaspace       used 60606K, committed 61120K, reserved 1114112K
  class space    used 6940K, committed 7168K, reserved 1048576K
}
Event: 8.908 GC heap before
{Heap before GC invocations=14 (full 0):
 garbage-first heap   total reserved 1026048K, committed 73728K, used 63606K [0x00000000c1600000, 0x0000000100000000)
  region size 1024K, 34 young (34816K), 3 survivors (3072K)
 Metaspace       used 63567K, committed 64064K, reserved 1114112K
  class space    used 7269K, committed 7488K, reserved 1048576K
}
Event: 8.915 GC heap after
{Heap after GC invocations=15 (full 0):
 garbage-first heap   total reserved 1026048K, committed 73728K, used 33840K [0x00000000c1600000, 0x0000000100000000)
  region size 1024K, 4 young (4096K), 4 survivors (4096K)
 Metaspace       used 63567K, committed 64064K, reserved 1114112K
  class space    used 7269K, committed 7488K, reserved 1048576K
}
Event: 9.343 GC heap before
{Heap before GC invocations=15 (full 0):
 garbage-first heap   total reserved 1026048K, committed 73728K, used 63536K [0x00000000c1600000, 0x0000000100000000)
  region size 1024K, 33 young (33792K), 4 survivors (4096K)
 Metaspace       used 66123K, committed 66624K, reserved 1114112K
  class space    used 7786K, committed 8000K, reserved 1048576K
}
Event: 9.350 GC heap after
{Heap after GC invocations=16 (full 0):
 garbage-first heap   total reserved 1026048K, committed 73728K, used 35572K [0x00000000c1600000, 0x0000000100000000)
  region size 1024K, 4 young (4096K), 4 survivors (4096K)
 Metaspace       used 66123K, committed 66624K, reserved 1114112K
  class space    used 7786K, committed 8000K, reserved 1048576K
}
Event: 9.644 GC heap before
{Heap before GC invocations=16 (full 0):
 garbage-first heap   total reserved 1026048K, committed 73728K, used 63220K [0x00000000c1600000, 0x0000000100000000)
  region size 1024K, 32 young (32768K), 4 survivors (4096K)
 Metaspace       used 68110K, committed 68608K, reserved 1114112K
  class space    used 8232K, committed 8448K, reserved 1048576K
}
Event: 9.651 GC heap after
{Heap after GC invocations=17 (full 0):
 garbage-first heap   total reserved 1026048K, committed 73728K, used 37595K [0x00000000c1600000, 0x0000000100000000)
  region size 1024K, 4 young (4096K), 4 survivors (4096K)
 Metaspace       used 68110K, committed 68608K, reserved 1114112K
  class space    used 8232K, committed 8448K, reserved 1048576K
}
Event: 10.008 GC heap before
{Heap before GC invocations=17 (full 0):
 garbage-first heap   total reserved 1026048K, committed 73728K, used 63195K [0x00000000c1600000, 0x0000000100000000)
  region size 1024K, 30 young (30720K), 4 survivors (4096K)
 Metaspace       used 70831K, committed 71424K, reserved 1114112K
  class space    used 8644K, committed 8896K, reserved 1048576K
}
Event: 10.014 GC heap after
{Heap after GC invocations=18 (full 0):
 garbage-first heap   total reserved 1026048K, committed 73728K, used 38654K [0x00000000c1600000, 0x0000000100000000)
  region size 1024K, 3 young (3072K), 3 survivors (3072K)
 Metaspace       used 70831K, committed 71424K, reserved 1114112K
  class space    used 8644K, committed 8896K, reserved 1048576K
}
Event: 10.473 GC heap before
{Heap before GC invocations=19 (full 0):
 garbage-first heap   total reserved 1026048K, committed 73728K, used 65278K [0x00000000c1600000, 0x0000000100000000)
  region size 1024K, 29 young (29696K), 3 survivors (3072K)
 Metaspace       used 73009K, committed 73600K, reserved 1114112K
  class space    used 8956K, committed 9216K, reserved 1048576K
}
Event: 10.479 GC heap after
{Heap after GC invocations=20 (full 0):
 garbage-first heap   total reserved 1026048K, committed 73728K, used 40158K [0x00000000c1600000, 0x0000000100000000)
  region size 1024K, 3 young (3072K), 3 survivors (3072K)
 Metaspace       used 73009K, committed 73600K, reserved 1114112K
  class space    used 8956K, committed 9216K, reserved 1048576K
}
Event: 10.867 GC heap before
{Heap before GC invocations=20 (full 0):
 garbage-first heap   total reserved 1026048K, committed 73728K, used 64734K [0x00000000c1600000, 0x0000000100000000)
  region size 1024K, 27 young (27648K), 3 survivors (3072K)
 Metaspace       used 74960K, committed 75584K, reserved 1179648K
  class space    used 9192K, committed 9472K, reserved 1048576K
}

