# JRE version: OpenJDK Runtime Environment Zulu24.30+11-CA (24.0.1+9) (build 24.0.1+9)
# Java VM: OpenJDK 64-Bit Server VM Zulu24.30+11-CA (24.0.1+9, mixed mode, emulated-client, sharing, tiered, compressed oops, compressed class ptrs, g1 gc, windows-amd64)
GC Precious Log:
 CardTable entry size: 512
 Card Set container configuration: InlinePtr #cards 5 size 8 Array Of Cards #cards 10 size 36 Howl #buckets 4 coarsen threshold 1843 Howl Bitmap #cards 512 size 80 coarsen threshold 460 Card regions per heap region 1 cards per card region 2048
 CPUs: 4 total, 4 available
 Memory: 4007M
 Large Page Support: Disabled
 NUMA Support: Disabled
 Compressed Oops: Enabled (32-bit)
 Heap Region Size: 1M
 Heap Min Capacity: 8M
 Heap Initial Capacity: 64M
 Heap Max Capacity: 1002M
 Pre-touch: Disabled
 Parallel Workers: 4
 Concurrent Workers: 1
 Concurrent Refinement Workers: 4
 Periodic GC: Disabled
Heap:
 garbage-first heap   total reserved 1026048K, committed 73728K, used 38342K [0x00000000c1600000, 0x0000000100000000)
  region size 1024K, 3 young (3072K), 3 survivors (3072K)
 Metaspace       used 70825K, committed 71424K, reserved 1114112K
  class space    used 8651K, committed 8896K, reserved 1048576K
GC Heap History (20 events):
Event: 3.437 GC heap after
{Heap after GC invocations=6 (full 0):
 garbage-first heap   total reserved 1026048K, committed 61440K, used 20411K [0x00000000c1600000, 0x0000000100000000)
  region size 1024K, 4 young (4096K), 4 survivors (4096K)
 Metaspace       used 24519K, committed 24832K, reserved 1114112K
  class space    used 2751K, committed 2880K, reserved 1048576K
}
Event: 3.912 GC heap before
{Heap before GC invocations=6 (full 0):
 garbage-first heap   total reserved 1026048K, committed 61440K, used 46011K [0x00000000c1600000, 0x0000000100000000)
  region size 1024K, 29 young (29696K), 4 survivors (4096K)
 Metaspace       used 28267K, committed 28608K, reserved 1114112K
  class space    used 3238K, committed 3392K, reserved 1048576K
}
Event: 3.924 GC heap after
{Heap after GC invocations=7 (full 0):
 garbage-first heap   total reserved 1026048K, committed 61440K, used 22704K [0x00000000c1600000, 0x0000000100000000)
  region size 1024K, 3 young (3072K), 3 survivors (3072K)
 Metaspace       used 28267K, committed 28608K, reserved 1114112K
  class space    used 3238K, committed 3392K, reserved 1048576K
}
Event: 4.400 GC heap before
{Heap before GC invocations=7 (full 0):
 garbage-first heap   total reserved 1026048K, committed 61440K, used 48304K [0x00000000c1600000, 0x0000000100000000)
  region size 1024K, 28 young (28672K), 3 survivors (3072K)
 Metaspace       used 31729K, committed 32064K, reserved 1114112K
  class space    used 3645K, committed 3776K, reserved 1048576K
}
Event: 4.406 GC heap after
{Heap after GC invocations=8 (full 0):
 garbage-first heap   total reserved 1026048K, committed 73728K, used 24740K [0x00000000c1600000, 0x0000000100000000)
  region size 1024K, 2 young (2048K), 2 survivors (2048K)
 Metaspace       used 31729K, committed 32064K, reserved 1114112K
  class space    used 3645K, committed 3776K, reserved 1048576K
}
Event: 4.832 GC heap before
{Heap before GC invocations=8 (full 0):
 garbage-first heap   total reserved 1026048K, committed 73728K, used 42148K [0x00000000c1600000, 0x0000000100000000)
  region size 1024K, 21 young (21504K), 2 survivors (2048K)
 Metaspace       used 35900K, committed 36288K, reserved 1114112K
  class space    used 4140K, committed 4288K, reserved 1048576K
}
Event: 4.836 GC heap after
{Heap after GC invocations=9 (full 0):
 garbage-first heap   total reserved 1026048K, committed 73728K, used 25857K [0x00000000c1600000, 0x0000000100000000)
  region size 1024K, 3 young (3072K), 3 survivors (3072K)
 Metaspace       used 35900K, committed 36288K, reserved 1114112K
  class space    used 4140K, committed 4288K, reserved 1048576K
}
Event: 6.183 GC heap before
{Heap before GC invocations=10 (full 0):
 garbage-first heap   total reserved 1026048K, committed 73728K, used 59649K [0x00000000c1600000, 0x0000000100000000)
  region size 1024K, 36 young (36864K), 3 survivors (3072K)
 Metaspace       used 45042K, committed 45440K, reserved 1114112K
  class space    used 5150K, committed 5312K, reserved 1048576K
}
Event: 6.190 GC heap after
{Heap after GC invocations=11 (full 0):
 garbage-first heap   total reserved 1026048K, committed 73728K, used 29599K [0x00000000c1600000, 0x0000000100000000)
  region size 1024K, 5 young (5120K), 5 survivors (5120K)
 Metaspace       used 45042K, committed 45440K, reserved 1114112K
  class space    used 5150K, committed 5312K, reserved 1048576K
}
Event: 6.897 GC heap before
{Heap before GC invocations=11 (full 0):
 garbage-first heap   total reserved 1026048K, committed 73728K, used 59295K [0x00000000c1600000, 0x0000000100000000)
  region size 1024K, 35 young (35840K), 5 survivors (5120K)
 Metaspace       used 54363K, committed 54848K, reserved 1114112K
  class space    used 6132K, committed 6336K, reserved 1048576K
}
Event: 6.904 GC heap after
{Heap after GC invocations=12 (full 0):
 garbage-first heap   total reserved 1026048K, committed 73728K, used 30979K [0x00000000c1600000, 0x0000000100000000)
  region size 1024K, 2 young (2048K), 2 survivors (2048K)
 Metaspace       used 54363K, committed 54848K, reserved 1114112K
  class space    used 6132K, committed 6336K, reserved 1048576K
}
Event: 7.830 GC heap before
{Heap before GC invocations=12 (full 0):
 garbage-first heap   total reserved 1026048K, committed 73728K, used 59651K [0x00000000c1600000, 0x0000000100000000)
  region size 1024K, 31 young (31744K), 2 survivors (2048K)
 Metaspace       used 60628K, committed 61120K, reserved 1114112K
  class space    used 6953K, committed 7168K, reserved 1048576K
}
Event: 7.836 GC heap after
{Heap after GC invocations=13 (full 0):
 garbage-first heap   total reserved 1026048K, committed 73728K, used 31755K [0x00000000c1600000, 0x0000000100000000)
  region size 1024K, 3 young (3072K), 3 survivors (3072K)
 Metaspace       used 60628K, committed 61120K, reserved 1114112K
  class space    used 6953K, committed 7168K, reserved 1048576K
}
Event: 8.373 GC heap before
{Heap before GC invocations=14 (full 0):
 garbage-first heap   total reserved 1026048K, committed 73728K, used 63499K [0x00000000c1600000, 0x0000000100000000)
  region size 1024K, 34 young (34816K), 3 survivors (3072K)
 Metaspace       used 63561K, committed 64128K, reserved 1114112K
  class space    used 7283K, committed 7552K, reserved 1048576K
}
Event: 8.379 GC heap after
{Heap after GC invocations=15 (full 0):
 garbage-first heap   total reserved 1026048K, committed 73728K, used 33754K [0x00000000c1600000, 0x0000000100000000)
  region size 1024K, 4 young (4096K), 4 survivors (4096K)
 Metaspace       used 63561K, committed 64128K, reserved 1114112K
  class space    used 7283K, committed 7552K, reserved 1048576K
}
Event: 8.800 GC heap before
{Heap before GC invocations=15 (full 0):
 garbage-first heap   total reserved 1026048K, committed 73728K, used 63450K [0x00000000c1600000, 0x0000000100000000)
  region size 1024K, 33 young (33792K), 4 survivors (4096K)
 Metaspace       used 66119K, committed 66624K, reserved 1114112K
  class space    used 7799K, committed 8000K, reserved 1048576K
}
Event: 8.807 GC heap after
{Heap after GC invocations=16 (full 0):
 garbage-first heap   total reserved 1026048K, committed 73728K, used 35257K [0x00000000c1600000, 0x0000000100000000)
  region size 1024K, 4 young (4096K), 4 survivors (4096K)
 Metaspace       used 66119K, committed 66624K, reserved 1114112K
  class space    used 7799K, committed 8000K, reserved 1048576K
}
Event: 9.158 GC heap before
{Heap before GC invocations=16 (full 0):
 garbage-first heap   total reserved 1026048K, committed 73728K, used 63929K [0x00000000c1600000, 0x0000000100000000)
  region size 1024K, 32 young (32768K), 4 survivors (4096K)
 Metaspace       used 68118K, committed 68608K, reserved 1114112K
  class space    used 8246K, committed 8448K, reserved 1048576K
}
Event: 9.165 GC heap after
{Heap after GC invocations=17 (full 0):
 garbage-first heap   total reserved 1026048K, committed 73728K, used 37033K [0x00000000c1600000, 0x0000000100000000)
  region size 1024K, 4 young (4096K), 4 survivors (4096K)
 Metaspace       used 68118K, committed 68608K, reserved 1114112K
  class space    used 8246K, committed 8448K, reserved 1048576K
}
Event: 9.545 GC heap before
{Heap before GC invocations=17 (full 0):
 garbage-first heap   total reserved 1026048K, committed 73728K, used 62633K [0x00000000c1600000, 0x0000000100000000)
  region size 1024K, 30 young (30720K), 4 survivors (4096K)
 Metaspace       used 70825K, committed 71424K, reserved 1114112K
  class space    used 8651K, committed 8896K, reserved 1048576K
}

